# JRE version: Java(TM) SE Runtime Environment (17.0.2+8) (build 17.0.2+8-LTS-86)
# Java VM: Java HotSpot(TM) 64-Bit Server VM (17.0.2+8-LTS-86, mixed mode, emulated-client, sharing, tiered, compressed oops, compressed class ptrs, g1 gc, windows-amd64)
GC Precious Log:
 CPUs: 6 total, 6 available
 Memory: 8149M
 Large Page Support: Disabled
 NUMA Support: Disabled
 Compressed Oops: Enabled (32-bit)
 Heap Region Size: 1M
 Heap Min Capacity: 8M
 Heap Initial Capacity: 128M
 Heap Max Capacity: 2038M
 Pre-touch: Disabled
 Parallel Workers: 6
 Concurrent Workers: 2
 Concurrent Refinement Workers: 6
 Periodic GC: Disabled
Heap:
 garbage-first heap   total 61440K, used 26511K [0x0000000080a00000, 0x0000000100000000)
  region size 1024K, 2 young (2048K), 2 survivors (2048K)
 Metaspace       used 60207K, committed 60736K, reserved 1105920K
  class space    used 8640K, committed 8896K, reserved 1048576K
GC Heap History (20 events):
Event: 2.016 GC heap after
{Heap after GC invocations=3 (full 0):
 garbage-first heap   total 131072K, used 13989K [0x0000000080a00000, 0x0000000100000000)
  region size 1024K, 7 young (7168K), 7 survivors (7168K)
 Metaspace       used 21225K, committed 21504K, reserved 1073152K
  class space    used 2991K, committed 3136K, reserved 1048576K
}
Event: 2.590 GC heap before
{Heap before GC invocations=4 (full 0):
 garbage-first heap   total 51200K, used 37541K [0x0000000080a00000, 0x0000000100000000)
  region size 1024K, 30 young (30720K), 7 survivors (7168K)
 Metaspace       used 25421K, committed 25792K, reserved 1073152K
  class space    used 3650K, committed 3840K, reserved 1048576K
}
Event: 2.608 GC heap after
{Heap after GC invocations=5 (full 0):
 garbage-first heap   total 51200K, used 16714K [0x0000000080a00000, 0x0000000100000000)
  region size 1024K, 3 young (3072K), 3 survivors (3072K)
 Metaspace       used 25421K, committed 25792K, reserved 1073152K
  class space    used 3650K, committed 3840K, reserved 1048576K
}
Event: 2.629 GC heap before
{Heap before GC invocations=5 (full 0):
 garbage-first heap   total 51200K, used 16714K [0x0000000080a00000, 0x0000000100000000)
  region size 1024K, 4 young (4096K), 3 survivors (3072K)
 Metaspace       used 25631K, committed 26048K, reserved 1073152K
  class space    used 3665K, committed 3840K, reserved 1048576K
}
Event: 2.637 GC heap after
{Heap after GC invocations=6 (full 0):
 garbage-first heap   total 61440K, used 16967K [0x0000000080a00000, 0x0000000100000000)
  region size 1024K, 1 young (1024K), 1 survivors (1024K)
 Metaspace       used 25631K, committed 26048K, reserved 1073152K
  class space    used 3665K, committed 3840K, reserved 1048576K
}
Event: 3.258 GC heap before
{Heap before GC invocations=6 (full 0):
 garbage-first heap   total 61440K, used 43591K [0x0000000080a00000, 0x0000000100000000)
  region size 1024K, 27 young (27648K), 1 survivors (1024K)
 Metaspace       used 31493K, committed 31872K, reserved 1081344K
  class space    used 4425K, committed 4608K, reserved 1048576K
}
Event: 3.261 GC heap after
{Heap after GC invocations=7 (full 0):
 garbage-first heap   total 61440K, used 18602K [0x0000000080a00000, 0x0000000100000000)
  region size 1024K, 3 young (3072K), 3 survivors (3072K)
 Metaspace       used 31493K, committed 31872K, reserved 1081344K
  class space    used 4425K, committed 4608K, reserved 1048576K
}
Event: 3.616 GC heap before
{Heap before GC invocations=7 (full 0):
 garbage-first heap   total 61440K, used 33962K [0x0000000080a00000, 0x0000000100000000)
  region size 1024K, 19 young (19456K), 3 survivors (3072K)
 Metaspace       used 35610K, committed 36096K, reserved 1081344K
  class space    used 5070K, committed 5312K, reserved 1048576K
}
Event: 3.620 GC heap after
{Heap after GC invocations=8 (full 0):
 garbage-first heap   total 61440K, used 19339K [0x0000000080a00000, 0x0000000100000000)
  region size 1024K, 3 young (3072K), 3 survivors (3072K)
 Metaspace       used 35610K, committed 36096K, reserved 1081344K
  class space    used 5070K, committed 5312K, reserved 1048576K
}
Event: 4.268 GC heap before
{Heap before GC invocations=9 (full 0):
 garbage-first heap   total 61440K, used 44939K [0x0000000080a00000, 0x0000000100000000)
  region size 1024K, 29 young (29696K), 3 survivors (3072K)
 Metaspace       used 43491K, committed 44032K, reserved 1089536K
  class space    used 6097K, committed 6336K, reserved 1048576K
}
Event: 4.273 GC heap after
{Heap after GC invocations=10 (full 0):
 garbage-first heap   total 61440K, used 21310K [0x0000000080a00000, 0x0000000100000000)
  region size 1024K, 3 young (3072K), 3 survivors (3072K)
 Metaspace       used 43491K, committed 44032K, reserved 1089536K
  class space    used 6097K, committed 6336K, reserved 1048576K
}
Event: 4.290 GC heap before
{Heap before GC invocations=10 (full 0):
 garbage-first heap   total 61440K, used 22334K [0x0000000080a00000, 0x0000000100000000)
  region size 1024K, 4 young (4096K), 3 survivors (3072K)
 Metaspace       used 43787K, committed 44288K, reserved 1089536K
  class space    used 6148K, committed 6400K, reserved 1048576K
}
Event: 4.294 GC heap after
{Heap after GC invocations=11 (full 0):
 garbage-first heap   total 61440K, used 21103K [0x0000000080a00000, 0x0000000100000000)
  region size 1024K, 1 young (1024K), 1 survivors (1024K)
 Metaspace       used 43787K, committed 44288K, reserved 1089536K
  class space    used 6148K, committed 6400K, reserved 1048576K
}
Event: 4.764 GC heap before
{Heap before GC invocations=11 (full 0):
 garbage-first heap   total 61440K, used 46703K [0x0000000080a00000, 0x0000000100000000)
  region size 1024K, 26 young (26624K), 1 survivors (1024K)
 Metaspace       used 48727K, committed 49216K, reserved 1097728K
  class space    used 6830K, committed 7040K, reserved 1048576K
}
Event: 4.766 GC heap after
{Heap after GC invocations=12 (full 0):
 garbage-first heap   total 61440K, used 22009K [0x0000000080a00000, 0x0000000100000000)
  region size 1024K, 2 young (2048K), 2 survivors (2048K)
 Metaspace       used 48727K, committed 49216K, reserved 1097728K
  class space    used 6830K, committed 7040K, reserved 1048576K
}
Event: 5.314 GC heap before
{Heap before GC invocations=12 (full 0):
 garbage-first heap   total 61440K, used 45561K [0x0000000080a00000, 0x0000000100000000)
  region size 1024K, 26 young (26624K), 2 survivors (2048K)
 Metaspace       used 54744K, committed 55296K, reserved 1097728K
  class space    used 7878K, committed 8128K, reserved 1048576K
}
Event: 5.317 GC heap after
{Heap after GC invocations=13 (full 0):
 garbage-first heap   total 61440K, used 22944K [0x0000000080a00000, 0x0000000100000000)
  region size 1024K, 3 young (3072K), 3 survivors (3072K)
 Metaspace       used 54744K, committed 55296K, reserved 1097728K
  class space    used 7878K, committed 8128K, reserved 1048576K
}
Event: 5.781 GC heap before
{Heap before GC invocations=13 (full 0):
 garbage-first heap   total 61440K, used 47520K [0x0000000080a00000, 0x0000000100000000)
  region size 1024K, 27 young (27648K), 3 survivors (3072K)
 Metaspace       used 59165K, committed 59648K, reserved 1105920K
  class space    used 8487K, committed 8704K, reserved 1048576K
}
Event: 5.786 GC heap after
{Heap after GC invocations=14 (full 0):
 garbage-first heap   total 61440K, used 25073K [0x0000000080a00000, 0x0000000100000000)
  region size 1024K, 4 young (4096K), 4 survivors (4096K)
 Metaspace       used 59165K, committed 59648K, reserved 1105920K
  class space    used 8487K, committed 8704K, reserved 1048576K
}
Event: 6.010 GC heap before
{Heap before GC invocations=14 (full 0):
 garbage-first heap   total 61440K, used 35313K [0x0000000080a00000, 0x0000000100000000)
  region size 1024K, 15 young (15360K), 4 survivors (4096K)
 Metaspace       used 60207K, committed 60736K, reserved 1105920K
  class space    used 8640K, committed 8896K, reserved 1048576K
}

