# JRE version: Java(TM) SE Runtime Environment (17.0.2+8) (build 17.0.2+8-LTS-86)
# Java VM: Java HotSpot(TM) 64-Bit Server VM (17.0.2+8-LTS-86, mixed mode, sharing, tiered, compressed oops, compressed class ptrs, g1 gc, windows-amd64)
GC Precious Log:
 CPUs: 6 total, 6 available
 Memory: 8149M
 Large Page Support: Disabled
 NUMA Support: Disabled
 Compressed Oops: Enabled (32-bit)
 Heap Region Size: 1M
 Heap Min Capacity: 8M
 Heap Initial Capacity: 128M
 Heap Max Capacity: 2038M
 Pre-touch: Disabled
 Parallel Workers: 6
 Concurrent Workers: 2
 Concurrent Refinement Workers: 6
 Periodic GC: Disabled
Heap:
 garbage-first heap   total 219136K, used 47616K [0x0000000080a00000, 0x0000000100000000)
  region size 1024K, 9 young (9216K), 3 survivors (3072K)
 Metaspace       used 27575K, committed 27840K, reserved 1081344K
  class space    used 3177K, committed 3328K, reserved 1048576K
GC Heap History (16 events):
Event: 0.961 GC heap before
{Heap before GC invocations=0 (full 0):
 garbage-first heap   total 131072K, used 21504K [0x0000000080a00000, 0x0000000100000000)
  region size 1024K, 21 young (21504K), 0 survivors (0K)
 Metaspace       used 5764K, committed 5888K, reserved 1056768K
  class space    used 675K, committed 768K, reserved 1048576K
}
Event: 0.969 GC heap after
{Heap after GC invocations=1 (full 0):
 garbage-first heap   total 131072K, used 3780K [0x0000000080a00000, 0x0000000100000000)
  region size 1024K, 3 young (3072K), 3 survivors (3072K)
 Metaspace       used 5764K, committed 5888K, reserved 1056768K
  class space    used 675K, committed 768K, reserved 1048576K
}
Event: 1.597 GC heap before
{Heap before GC invocations=1 (full 0):
 garbage-first heap   total 131072K, used 30404K [0x0000000080a00000, 0x0000000100000000)
  region size 1024K, 29 young (29696K), 3 survivors (3072K)
 Metaspace       used 8801K, committed 8896K, reserved 1064960K
  class space    used 1029K, committed 1088K, reserved 1048576K
}
Event: 1.606 GC heap after
{Heap after GC invocations=2 (full 0):
 garbage-first heap   total 131072K, used 5257K [0x0000000080a00000, 0x0000000100000000)
  region size 1024K, 2 young (2048K), 2 survivors (2048K)
 Metaspace       used 8801K, committed 8896K, reserved 1064960K
  class space    used 1029K, committed 1088K, reserved 1048576K
}
Event: 3.455 GC heap before
{Heap before GC invocations=2 (full 0):
 garbage-first heap   total 131072K, used 81033K [0x0000000080a00000, 0x0000000100000000)
  region size 1024K, 76 young (77824K), 2 survivors (2048K)
 Metaspace       used 16007K, committed 16192K, reserved 1064960K
  class space    used 1879K, committed 1984K, reserved 1048576K
}
Event: 3.473 GC heap after
{Heap after GC invocations=3 (full 0):
 garbage-first heap   total 131072K, used 12954K [0x0000000080a00000, 0x0000000100000000)
  region size 1024K, 9 young (9216K), 9 survivors (9216K)
 Metaspace       used 16007K, committed 16192K, reserved 1064960K
  class space    used 1879K, committed 1984K, reserved 1048576K
}
Event: 4.996 GC heap before
{Heap before GC invocations=3 (full 0):
 garbage-first heap   total 131072K, used 112282K [0x0000000080a00000, 0x0000000100000000)
  region size 1024K, 72 young (73728K), 9 survivors (9216K)
 Metaspace       used 19868K, committed 20160K, reserved 1073152K
  class space    used 2284K, committed 2432K, reserved 1048576K
}
Event: 5.018 GC heap after
{Heap after GC invocations=4 (full 0):
 garbage-first heap   total 131072K, used 21471K [0x0000000080a00000, 0x0000000100000000)
  region size 1024K, 7 young (7168K), 7 survivors (7168K)
 Metaspace       used 19868K, committed 20160K, reserved 1073152K
  class space    used 2284K, committed 2432K, reserved 1048576K
}
Event: 5.138 GC heap before
{Heap before GC invocations=4 (full 0):
 garbage-first heap   total 131072K, used 28639K [0x0000000080a00000, 0x0000000100000000)
  region size 1024K, 13 young (13312K), 7 survivors (7168K)
 Metaspace       used 21226K, committed 21504K, reserved 1073152K
  class space    used 2484K, committed 2624K, reserved 1048576K
}
Event: 5.148 GC heap after
{Heap after GC invocations=5 (full 0):
 garbage-first heap   total 131072K, used 24382K [0x0000000080a00000, 0x0000000100000000)
  region size 1024K, 4 young (4096K), 4 survivors (4096K)
 Metaspace       used 21226K, committed 21504K, reserved 1073152K
  class space    used 2484K, committed 2624K, reserved 1048576K
}
Event: 6.204 GC heap before
{Heap before GC invocations=6 (full 0):
 garbage-first heap   total 86016K, used 63294K [0x0000000080a00000, 0x0000000100000000)
  region size 1024K, 41 young (41984K), 4 survivors (4096K)
 Metaspace       used 25899K, committed 26176K, reserved 1073152K
  class space    used 2996K, committed 3136K, reserved 1048576K
}
Event: 6.226 GC heap after
{Heap after GC invocations=7 (full 0):
 garbage-first heap   total 86016K, used 38230K [0x0000000080a00000, 0x0000000100000000)
  region size 1024K, 7 young (7168K), 7 survivors (7168K)
 Metaspace       used 25899K, committed 26176K, reserved 1073152K
  class space    used 2996K, committed 3136K, reserved 1048576K
}
Event: 6.229 GC heap before
{Heap before GC invocations=7 (full 0):
 garbage-first heap   total 86016K, used 39254K [0x0000000080a00000, 0x0000000100000000)
  region size 1024K, 8 young (8192K), 7 survivors (7168K)
 Metaspace       used 25901K, committed 26176K, reserved 1073152K
  class space    used 2996K, committed 3136K, reserved 1048576K
}
Event: 6.241 GC heap after
{Heap after GC invocations=8 (full 0):
 garbage-first heap   total 86016K, used 39424K [0x0000000080a00000, 0x0000000100000000)
  region size 1024K, 1 young (1024K), 1 survivors (1024K)
 Metaspace       used 25901K, committed 26176K, reserved 1073152K
  class space    used 2996K, committed 3136K, reserved 1048576K
}
Event: 6.471 GC heap before
{Heap before GC invocations=8 (full 0):
 garbage-first heap   total 86016K, used 52736K [0x0000000080a00000, 0x0000000100000000)
  region size 1024K, 15 young (15360K), 1 survivors (1024K)
 Metaspace       used 26392K, committed 26752K, reserved 1073152K
  class space    used 3032K, committed 3200K, reserved 1048576K
}
Event: 6.484 GC heap after
{Heap after GC invocations=9 (full 0):
 garbage-first heap   total 219136K, used 41472K [0x0000000080a00000, 0x0000000100000000)
  region size 1024K, 3 young (3072K), 3 survivors (3072K)
 Metaspace       used 26392K, committed 26752K, reserved 1073152K
  class space    used 3032K, committed 3200K, reserved 1048576K
}

